<?xml version="1.0" encoding="UTF-8"?>
<!-- Generated by org.testng.reporters.JUnitReportReporter -->
<testsuite hostname="Venkatesh" failures="0" tests="6" name="abcdefg.aprilpractiveframewrok.Login" time="24.261" errors="0" timestamp="2024-05-31T12:35:22 IST" skipped="0">
  <testcase classname="abcdefg.aprilpractiveframewrok.Login" name="LoginWithValidCredentials" time="4.269"/>
  <testcase classname="abcdefg.aprilpractiveframewrok.Login" name="LoginwithInValidCredentials" time="4.175"/>
  <testcase classname="abcdefg.aprilpractiveframewrok.Login" name="loginWithValidPasswordInValidEmail" time="4.101"/>
  <testcase classname="abcdefg.aprilpractiveframewrok.Login" name="loginWithvalidEmailandInValidpassword" time="4.044"/>
  <testcase classname="abcdefg.aprilpractiveframewrok.Login" name="TrytoLoginWithoutCredentials" time="3.958"/>
  <testcase classname="abcdefg.aprilpractiveframewrok.Login" name="VerifyForgotPassword" time="3.714"/>
</testsuite> <!-- abcdefg.aprilpractiveframewrok.Login -->
