<?xml version="1.0" encoding="UTF-8"?>
<!-- Generated by org.testng.reporters.JUnitReportReporter -->
<testsuite hostname="Venkatesh" failures="0" tests="4" name="src.main.askmeOffersHomePage" time="66.847" errors="0" timestamp="2024-04-28T12:23:23 IST" skipped="0">
  <testcase classname="src.main.askmeOffersHomePage" name="checkImages" time="10.258"/>
  <testcase classname="src.main.askmeOffersHomePage" name="verifyBrokenImages" time="7.658"/>
  <testcase classname="src.main.askmeOffersHomePage" name="TestAllLinksOnHomepage" time="19.777"/>
  <testcase classname="src.main.askmeOffersHomePage" name="verifyBrokenLinks" time="29.154"/>
</testsuite> <!-- src.main.askmeOffersHomePage -->
