<?xml version="1.0" encoding="UTF-8"?>
<!-- Generated by org.testng.reporters.JUnitReportReporter -->
<testsuite hostname="Venkatesh" failures="0" tests="3" name="src.main.Myntra" time="13.255" errors="0" timestamp="2024-04-28T10:33:36 IST" skipped="0">
  <testcase classname="src.main.Myntra" name="TestAllCoupans" time="7.337"/>
  <testcase classname="src.main.Myntra" name="TestDeals" time="2.937"/>
  <testcase classname="src.main.Myntra" name="AllLinks" time="2.981"/>
</testsuite> <!-- src.main.Myntra -->
