<?xml version="1.0" encoding="UTF-8"?>
<!-- Generated by org.testng.reporters.JUnitReportReporter -->
<testsuite hostname="Venkatesh" failures="0" tests="8" name="abcdefg.aprilpractiveframewrok.Registration" time="38.092" errors="0" timestamp="2024-05-31T12:35:22 IST" skipped="0">
  <testcase classname="abcdefg.aprilpractiveframewrok.Registration" name="createRegistration" time="5.246"/>
  <testcase classname="abcdefg.aprilpractiveframewrok.Registration" name="registerwithMandatoryFields" time="4.781"/>
  <testcase classname="abcdefg.aprilpractiveframewrok.Registration" name="registerWithoutinputdata" time="4.392"/>
  <testcase classname="abcdefg.aprilpractiveframewrok.Registration" name="duplicateEmailid" time="6.346"/>
  <testcase classname="abcdefg.aprilpractiveframewrok.Registration" name="registerwithwrongconfirmpassword" time="4.347"/>
  <testcase classname="abcdefg.aprilpractiveframewrok.Registration" name="registerwithInvalidEmailAddress" time="4.302"/>
  <testcase classname="abcdefg.aprilpractiveframewrok.Registration" name="below4passwordcharecters" time="4.259"/>
  <testcase classname="abcdefg.aprilpractiveframewrok.Registration" name="registerwithoutPrivacypolicy" time="4.419"/>
</testsuite> <!-- abcdefg.aprilpractiveframewrok.Registration -->
